<?xml version="1.0" encoding="UTF-8"?>
<!-- Generated by org.testng.reporters.JUnitReportReporter -->
<testsuite hostname="DESKTOP-J7D4AO1" failures="0" tests="5" name="CheckoutOverviewTest" time="13.881" errors="0" timestamp="2023-03-11T13:23:59 CET" skipped="0">
  <testcase classname="CheckoutOverviewTest" name="summaryTaxAndProducts" time="2.838"/>
  <system-out/>
  <testcase classname="CheckoutOverviewTest" name="checkFinishButton" time="2.825"/>
  <system-out/>
  <testcase classname="CheckoutOverviewTest" name="checkQuantityOfProducts" time="2.942"/>
  <system-out/>
  <testcase classname="CheckoutOverviewTest" name="totalPrice" time="2.809"/>
  <system-out/>
  <testcase classname="CheckoutOverviewTest" name="checkCancelButton" time="2.467"/>
  <system-out/>
</testsuite> <!-- CheckoutOverviewTest -->
