<?xml version="1.0" encoding="UTF-8"?>
<!-- Generated by org.testng.reporters.JUnitReportReporter -->
<testsuite hostname="DESKTOP-J7D4AO1" failures="0" tests="10" name="ListingTest" time="24.374" errors="0" timestamp="2023-03-10T13:32:11 CET" skipped="0">
  <testcase classname="ListingTest" name="removeProductAddedFromProdPage" time="2.582"/>
  <system-out/>
  <testcase classname="ListingTest" name="removeFromCartFromListing" time="2.331"/>
  <system-out/>
  <testcase classname="ListingTest" name="sortingAToZ" time="2.585"/>
  <system-out/>
  <testcase classname="ListingTest" name="sortingByPriceHighToLow" time="2.719"/>
  <system-out/>
  <testcase classname="ListingTest" name="updatingIncreasingCartIcon" time="2.480"/>
  <system-out/>
  <testcase classname="ListingTest" name="updatingDecreasingCartIcon" time="2.942"/>
  <system-out/>
  <testcase classname="ListingTest" name="areElementsVisible" time="1.938"/>
  <system-out/>
  <testcase classname="ListingTest" name="sortingZToA" time="2.460"/>
  <system-out/>
  <testcase classname="ListingTest" name="sortingByPriceLowToHigh" time="2.279"/>
  <system-out/>
  <testcase classname="ListingTest" name="addToCartFromListing" time="2.058"/>
  <system-out/>
</testsuite> <!-- ListingTest -->
