<?xml version="1.0" encoding="UTF-8"?>
<!-- Generated by org.testng.reporters.JUnitReportReporter -->
<testsuite hostname="DESKTOP-J7D4AO1" failures="0" tests="10" name="ListingTest" time="28.935" errors="0" timestamp="2023-02-26T21:07:16 CET" skipped="0">
  <testcase classname="ListingTest" name="updatingDecreasingCartIcon" time="3.247"/>
  <system-out/>
  <testcase classname="ListingTest" name="sortingByPriceLowToHigh" time="2.764"/>
  <system-out/>
  <testcase classname="ListingTest" name="areElementsVisible" time="2.152"/>
  <system-out/>
  <testcase classname="ListingTest" name="removeFromCartFromListing" time="1.945"/>
  <system-out/>
  <testcase classname="ListingTest" name="sortingByPriceHighToLow" time="2.388"/>
  <system-out/>
  <testcase classname="ListingTest" name="updatingIncreasingCartIcon" time="2.195"/>
  <system-out/>
  <testcase classname="ListingTest" name="removeProductAddedFromProdPage" time="2.829"/>
  <system-out/>
  <testcase classname="ListingTest" name="sortingAToZ" time="3.344"/>
  <system-out/>
  <testcase classname="ListingTest" name="sortingZToA" time="5.922"/>
  <system-out/>
  <testcase classname="ListingTest" name="addToCartFromListing" time="2.149"/>
  <system-out/>
</testsuite> <!-- ListingTest -->
