<?xml version="1.0" encoding="UTF-8"?>
<!-- Generated by org.testng.reporters.JUnitReportReporter -->
<testsuite hostname="DESKTOP-J7D4AO1" failures="0" tests="10" name="ListingTest" time="19.081" errors="0" timestamp="2023-03-11T13:23:59 CET" skipped="0">
  <testcase classname="ListingTest" name="sortingAToZ" time="2.122"/>
  <system-out/>
  <testcase classname="ListingTest" name="removeProductAddedFromProdPage" time="1.802"/>
  <system-out/>
  <testcase classname="ListingTest" name="updatingDecreasingCartIcon" time="2.261"/>
  <system-out/>
  <testcase classname="ListingTest" name="sortingByPriceLowToHigh" time="2.351"/>
  <system-out/>
  <testcase classname="ListingTest" name="addToCartFromListing" time="1.790"/>
  <system-out/>
  <testcase classname="ListingTest" name="sortingByPriceHighToLow" time="1.780"/>
  <system-out/>
  <testcase classname="ListingTest" name="sortingZToA" time="1.770"/>
  <system-out/>
  <testcase classname="ListingTest" name="updatingIncreasingCartIcon" time="1.758"/>
  <system-out/>
  <testcase classname="ListingTest" name="removeFromCartFromListing" time="1.877"/>
  <system-out/>
  <testcase classname="ListingTest" name="areElementsVisible" time="1.570"/>
  <system-out/>
</testsuite> <!-- ListingTest -->
