<?xml version="1.0" encoding="UTF-8"?>
<!-- Generated by org.testng.reporters.JUnitReportReporter -->
<testsuite hostname="DESKTOP-J7D4AO1" failures="0" tests="5" name="LoginTest" time="7.976" errors="0" timestamp="2023-03-11T13:23:59 CET" skipped="0">
  <testcase classname="LoginTest" name="loginTestLockedUser" time="1.503"/>
  <system-out/>
  <testcase classname="LoginTest" name="loginTestWithoutLogin" time="1.738"/>
  <system-out/>
  <testcase classname="LoginTest" name="loginTestWithoutPassword" time="1.690"/>
  <system-out/>
  <testcase classname="LoginTest" name="loginTestWithoutData" time="1.438"/>
  <system-out/>
  <testcase classname="LoginTest" name="loginTest" time="1.607"/>
  <system-out/>
</testsuite> <!-- LoginTest -->
