<?xml version="1.0" encoding="UTF-8"?>
<!-- Generated by org.testng.reporters.JUnitReportReporter -->
<testsuite hostname="DESKTOP-J7D4AO1" failures="0" tests="5" name="CheckoutOverviewTest" time="16.889" errors="0" timestamp="2023-03-10T13:32:11 CET" skipped="0">
  <testcase classname="CheckoutOverviewTest" name="totalPrice" time="3.429"/>
  <system-out/>
  <testcase classname="CheckoutOverviewTest" name="checkQuantityOfProducts" time="3.052"/>
  <system-out/>
  <testcase classname="CheckoutOverviewTest" name="checkCancelButton" time="2.790"/>
  <system-out/>
  <testcase classname="CheckoutOverviewTest" name="checkFinishButton" time="3.157"/>
  <system-out/>
  <testcase classname="CheckoutOverviewTest" name="summaryTaxAndProducts" time="4.461"/>
  <system-out/>
</testsuite> <!-- CheckoutOverviewTest -->
