<?xml version="1.0" encoding="UTF-8"?>
<!-- Generated by org.testng.reporters.JUnitReportReporter -->
<testsuite hostname="DESKTOP-J7D4AO1" failures="0" tests="8" name="CheckoutTest" time="23.005" errors="0" timestamp="2023-02-26T21:07:16 CET" skipped="0">
  <testcase classname="CheckoutTest" name="instertAllWithoutPostalCode" time="3.930"/>
  <system-out/>
  <testcase classname="CheckoutTest" name="instertAllData" time="2.496"/>
  <system-out/>
  <testcase classname="CheckoutTest" name="instertOnlySurname" time="2.491"/>
  <system-out/>
  <testcase classname="CheckoutTest" name="instertAllWithoutName" time="2.721"/>
  <system-out/>
  <testcase classname="CheckoutTest" name="instertOnlyName" time="2.676"/>
  <system-out/>
  <testcase classname="CheckoutTest" name="allEmptyFields" time="2.332"/>
  <system-out/>
  <testcase classname="CheckoutTest" name="instertAllWithoutSurname" time="4.302"/>
  <system-out/>
  <testcase classname="CheckoutTest" name="instertOnlyPostalCode" time="2.057"/>
  <system-out/>
</testsuite> <!-- CheckoutTest -->
