<?xml version="1.0" encoding="UTF-8"?>
<!-- Generated by org.testng.reporters.JUnitReportReporter -->
<testsuite hostname="DESKTOP-J7D4AO1" failures="0" tests="8" name="CheckoutTest" time="20.972" errors="0" timestamp="2023-03-11T13:23:59 CET" skipped="0">
  <testcase classname="CheckoutTest" name="instertAllWithoutSurname" time="2.659"/>
  <system-out/>
  <testcase classname="CheckoutTest" name="instertAllWithoutPostalCode" time="2.718"/>
  <system-out/>
  <testcase classname="CheckoutTest" name="allEmptyFields" time="2.468"/>
  <system-out/>
  <testcase classname="CheckoutTest" name="instertAllData" time="2.595"/>
  <system-out/>
  <testcase classname="CheckoutTest" name="instertOnlyName" time="2.910"/>
  <system-out/>
  <testcase classname="CheckoutTest" name="instertOnlyPostalCode" time="2.620"/>
  <system-out/>
  <testcase classname="CheckoutTest" name="instertAllWithoutName" time="2.690"/>
  <system-out/>
  <testcase classname="CheckoutTest" name="instertOnlySurname" time="2.312"/>
  <system-out/>
</testsuite> <!-- CheckoutTest -->
