<?xml version="1.0" encoding="UTF-8"?>
<!-- Generated by org.testng.reporters.JUnitReportReporter -->
<testsuite hostname="DESKTOP-J7D4AO1" failures="0" tests="5" name="ProductTest" time="10.839" errors="0" timestamp="2023-02-26T21:07:16 CET" skipped="0">
  <testcase classname="ProductTest" name="removeProdAddedOnListing" time="2.135"/>
  <system-out/>
  <testcase classname="ProductTest" name="addToCart" time="2.723"/>
  <system-out/>
  <testcase classname="ProductTest" name="areElementsVisible" time="2.085"/>
  <system-out/>
  <testcase classname="ProductTest" name="backToListingButton" time="1.812"/>
  <system-out/>
  <testcase classname="ProductTest" name="isRemoveButtonVisible" time="2.084"/>
  <system-out/>
</testsuite> <!-- ProductTest -->
