<?xml version="1.0" encoding="UTF-8"?>
<!-- Generated by org.testng.reporters.JUnitReportReporter -->
<testsuite hostname="DESKTOP-J7D4AO1" failures="0" tests="5" name="LoginTest" time="9.985" errors="0" timestamp="2023-03-10T13:32:11 CET" skipped="0">
  <testcase classname="LoginTest" name="loginTestWithoutData" time="1.831"/>
  <system-out/>
  <testcase classname="LoginTest" name="loginTest" time="1.834"/>
  <system-out/>
  <testcase classname="LoginTest" name="loginTestLockedUser" time="2.220"/>
  <system-out/>
  <testcase classname="LoginTest" name="loginTestWithoutLogin" time="2.288"/>
  <system-out/>
  <testcase classname="LoginTest" name="loginTestWithoutPassword" time="1.812"/>
  <system-out/>
</testsuite> <!-- LoginTest -->
