<?xml version="1.0" encoding="UTF-8"?>
<!-- Generated by org.testng.reporters.JUnitReportReporter -->
<testsuite hostname="DESKTOP-J7D4AO1" failures="0" tests="5" name="ProductTest" time="11.433" errors="0" timestamp="2023-03-10T13:32:11 CET" skipped="0">
  <testcase classname="ProductTest" name="addToCart" time="2.552"/>
  <system-out/>
  <testcase classname="ProductTest" name="areElementsVisible" time="2.109"/>
  <system-out/>
  <testcase classname="ProductTest" name="removeProdAddedOnListing" time="2.119"/>
  <system-out/>
  <testcase classname="ProductTest" name="isRemoveButtonVisible" time="2.332"/>
  <system-out/>
  <testcase classname="ProductTest" name="backToListingButton" time="2.321"/>
  <system-out/>
</testsuite> <!-- ProductTest -->
