<?xml version="1.0" encoding="UTF-8"?>
<!-- Generated by org.testng.reporters.JUnitReportReporter -->
<testsuite hostname="DESKTOP-J7D4AO1" failures="0" tests="4" name="CartTest" time="10.594" errors="0" timestamp="2023-02-26T21:07:16 CET" skipped="0">
  <testcase classname="CartTest" name="checkProductsInCart" time="4.687"/>
  <system-out/>
  <testcase classname="CartTest" name="removeProductInCart" time="2.174"/>
  <system-out/>
  <testcase classname="CartTest" name="checkoutButton" time="1.908"/>
  <system-out/>
  <testcase classname="CartTest" name="continueShoppingButton" time="1.825"/>
  <system-out/>
</testsuite> <!-- CartTest -->
