<?xml version="1.0" encoding="UTF-8"?>
<!-- Generated by org.testng.reporters.JUnitReportReporter -->
<testsuite hostname="DESKTOP-J7D4AO1" failures="0" tests="4" name="CartTest" time="12.512" errors="0" timestamp="2023-03-10T13:32:11 CET" skipped="0">
  <testcase classname="CartTest" name="removeProductInCart" time="4.578"/>
  <system-out/>
  <testcase classname="CartTest" name="continueShoppingButton" time="2.759"/>
  <system-out/>
  <testcase classname="CartTest" name="checkoutButton" time="2.536"/>
  <system-out/>
  <testcase classname="CartTest" name="checkProductsInCart" time="2.639"/>
  <system-out/>
</testsuite> <!-- CartTest -->
