<?xml version="1.0" encoding="UTF-8"?>
<!-- Generated by org.testng.reporters.JUnitReportReporter -->
<testsuite hostname="DESKTOP-J7D4AO1" failures="0" tests="5" name="LoginTest" time="11.554" errors="0" timestamp="2023-02-26T21:07:16 CET" skipped="0">
  <testcase classname="LoginTest" name="loginTestWithoutData" time="1.787"/>
  <system-out/>
  <testcase classname="LoginTest" name="loginTest" time="3.800"/>
  <system-out/>
  <testcase classname="LoginTest" name="loginTestWithoutLogin" time="1.930"/>
  <system-out/>
  <testcase classname="LoginTest" name="loginTestWithoutPassword" time="2.144"/>
  <system-out/>
  <testcase classname="LoginTest" name="loginTestLockedUser" time="1.893"/>
  <system-out/>
</testsuite> <!-- LoginTest -->
