<?xml version="1.0" encoding="UTF-8"?>
<!-- Generated by org.testng.reporters.JUnitReportReporter -->
<testsuite hostname="DESKTOP-J7D4AO1" failures="0" tests="8" name="CheckoutTest" time="22.937" errors="0" timestamp="2023-03-10T13:32:11 CET" skipped="0">
  <testcase classname="CheckoutTest" name="instertAllWithoutPostalCode" time="2.802"/>
  <system-out/>
  <testcase classname="CheckoutTest" name="instertAllWithoutName" time="2.871"/>
  <system-out/>
  <testcase classname="CheckoutTest" name="instertAllWithoutSurname" time="2.951"/>
  <system-out/>
  <testcase classname="CheckoutTest" name="instertAllData" time="3.802"/>
  <system-out/>
  <testcase classname="CheckoutTest" name="instertOnlySurname" time="2.981"/>
  <system-out/>
  <testcase classname="CheckoutTest" name="instertOnlyName" time="2.844"/>
  <system-out/>
  <testcase classname="CheckoutTest" name="instertOnlyPostalCode" time="2.458"/>
  <system-out/>
  <testcase classname="CheckoutTest" name="allEmptyFields" time="2.228"/>
  <system-out/>
</testsuite> <!-- CheckoutTest -->
