<?xml version="1.0" encoding="UTF-8"?>
<!-- Generated by org.testng.reporters.JUnitReportReporter -->
<testsuite hostname="DESKTOP-J7D4AO1" failures="0" tests="5" name="ProductTest" time="10.001" errors="0" timestamp="2023-03-11T13:23:59 CET" skipped="0">
  <testcase classname="ProductTest" name="areElementsVisible" time="1.686"/>
  <system-out/>
  <testcase classname="ProductTest" name="addToCart" time="2.212"/>
  <system-out/>
  <testcase classname="ProductTest" name="removeProdAddedOnListing" time="1.918"/>
  <system-out/>
  <testcase classname="ProductTest" name="backToListingButton" time="2.294"/>
  <system-out/>
  <testcase classname="ProductTest" name="isRemoveButtonVisible" time="1.891"/>
  <system-out/>
</testsuite> <!-- ProductTest -->
