<?xml version="1.0" encoding="UTF-8"?>
<!-- Generated by org.testng.reporters.JUnitReportReporter -->
<testsuite hostname="DESKTOP-J7D4AO1" failures="0" tests="4" name="CartTest" time="10.414" errors="0" timestamp="2023-03-11T13:23:59 CET" skipped="0">
  <testcase classname="CartTest" name="checkoutButton" time="2.238"/>
  <system-out/>
  <testcase classname="CartTest" name="checkProductsInCart" time="3.599"/>
  <system-out/>
  <testcase classname="CartTest" name="removeProductInCart" time="1.968"/>
  <system-out/>
  <testcase classname="CartTest" name="continueShoppingButton" time="2.609"/>
  <system-out/>
</testsuite> <!-- CartTest -->
