<?xml version="1.0" encoding="UTF-8"?>
<!-- Generated by org.testng.reporters.JUnitReportReporter -->
<testsuite hostname="DESKTOP-J7D4AO1" failures="0" tests="5" name="CheckoutOverviewTest" time="14.248" errors="0" timestamp="2023-02-26T21:07:16 CET" skipped="0">
  <testcase classname="CheckoutOverviewTest" name="checkFinishButton" time="2.339"/>
  <system-out/>
  <testcase classname="CheckoutOverviewTest" name="summaryTaxAndProducts" time="3.217"/>
  <system-out/>
  <testcase classname="CheckoutOverviewTest" name="checkQuantityOfProducts" time="3.060"/>
  <system-out/>
  <testcase classname="CheckoutOverviewTest" name="totalPrice" time="3.121"/>
  <system-out/>
  <testcase classname="CheckoutOverviewTest" name="checkCancelButton" time="2.511"/>
  <system-out/>
</testsuite> <!-- CheckoutOverviewTest -->
